<?xml version="1.0" encoding="utf-8"?>
<TestRun id="24217b3e-2e49-4ff5-a387-34cb39a7e199" name="jessi@LAPTOP-VUVHAAT6 2022-05-22 12:27:14" runUser="LAPTOP-VUVHAAT6\jessi" xmlns="http://microsoft.com/schemas/VisualStudio/TeamTest/2010">
  <Times creation="2022-05-22T12:27:14.6353172+02:00" queuing="2022-05-22T12:27:14.6353174+02:00" start="2022-05-22T12:27:13.7168012+02:00" finish="2022-05-22T12:27:14.6420585+02:00" />
  <TestSettings name="default" id="383c3753-d9af-4533-8b8e-eb7bd75805a2">
    <Deployment runDeploymentRoot="jessi_LAPTOP-VUVHAAT6_2022-05-22_12_27_14" />
  </TestSettings>
  <Results>
    <UnitTestResult executionId="75d4f9a1-aac5-4713-8a8d-d43a10322ee6" testId="add72fdb-1413-04dd-c8de-e477ea972c52" testName="TestSum" computerName="LAPTOP-VUVHAAT6" duration="00:00:00.0806750" startTime="2022-05-22T12:27:14.4096978+02:00" endTime="2022-05-22T12:27:14.4903027+02:00" testType="13cdc9d9-ddb5-4fa4-a97d-d965ccfc6d4b" outcome="Failed" testListId="8c84fa94-04c1-424b-9868-57a2d4851a1d" relativeResultsDirectory="75d4f9a1-aac5-4713-8a8d-d43a10322ee6">
      <Output>
        <StdOut>exp Symbol "+"&#xD;
 and exps [Value (K 1); Value (K 41)]&#xD;
EVAL Function &lt;fun:symbols@122&gt;&#xD;
exp Value (K 1)&#xD;
 and exps [Value (K 41)]&#xD;
EVAL Value (K 1)</StdOut>
        <ErrorInfo>
          <Message>System.TypeInitializationException : The type initializer for '&lt;StartupCode$interpreter&gt;.$AST' threw an exception.&#xD;
  ----&gt; System.Exception : exp is not a function&#xD;
 exp: [Value (K 41)]&#xD;
 env: E (map [])&#xD;
</Message>
          <StackTrace>   at AST.get_emptyEnv()&#xD;
   at interpreter.tests.TestSum() in c:\Users\jessi\OneDrive\Documenti\FunctionalProgramming\project\Ombra\interpreter.tests\UnitTests.fs:line 18&#xD;
--Exception&#xD;
   at AST.err[a,b,c](PrintfFormat`4 msg, a exp, b env) in c:\Users\jessi\OneDrive\Documenti\FunctionalProgramming\project\Ombra\interpreter\ast.fs:line 57&#xD;
   at AST.eval(exp exps, env env) in c:\Users\jessi\OneDrive\Documenti\FunctionalProgramming\project\Ombra\interpreter\ast.fs:line 82&#xD;
   at &lt;StartupCode$interpreter&gt;.$AST..cctor() in c:\Users\jessi\OneDrive\Documenti\FunctionalProgramming\project\Ombra\interpreter\ast.fs:line 132</StackTrace>
        </ErrorInfo>
      </Output>
    </UnitTestResult>
  </Results>
  <TestDefinitions>
    <UnitTest name="TestSum" storage="c:\users\jessi\onedrive\documenti\functionalprogramming\project\ombra\interpreter.tests\bin\debug\net6.0\interpreter.tests.dll" id="add72fdb-1413-04dd-c8de-e477ea972c52">
      <Execution id="75d4f9a1-aac5-4713-8a8d-d43a10322ee6" />
      <TestMethod codeBase="c:\Users\jessi\OneDrive\Documenti\FunctionalProgramming\project\Ombra\interpreter.tests\bin\Debug\net6.0\interpreter.tests.dll" adapterTypeName="executor://nunit3testexecutor/" className="interpreter.tests" name="TestSum" />
    </UnitTest>
  </TestDefinitions>
  <TestEntries>
    <TestEntry testId="add72fdb-1413-04dd-c8de-e477ea972c52" executionId="75d4f9a1-aac5-4713-8a8d-d43a10322ee6" testListId="8c84fa94-04c1-424b-9868-57a2d4851a1d" />
  </TestEntries>
  <TestLists>
    <TestList name="Results Not in a List" id="8c84fa94-04c1-424b-9868-57a2d4851a1d" />
    <TestList name="All Loaded Results" id="19431567-8539-422a-85d7-44ee4e166bda" />
  </TestLists>
  <ResultSummary outcome="Failed">
    <Counters total="1" executed="1" passed="0" failed="1" error="0" timeout="0" aborted="0" inconclusive="0" passedButRunAborted="0" notRunnable="0" notExecuted="0" disconnected="0" warning="0" completed="0" inProgress="0" pending="0" />
    <Output>
      <StdOut>NUnit Adapter 4.0.0.0: Test execution started&#xD;
Running selected tests in c:\Users\jessi\OneDrive\Documenti\FunctionalProgramming\project\Ombra\interpreter.tests\bin\Debug\net6.0\interpreter.tests.dll&#xD;
   NUnit3TestExecutor discovered 1 of 1 NUnit test cases using Current Discovery mode, Non-Explicit run&#xD;
exp Symbol "+"&#xD;
 and exps [Value (K 1); Value (K 41)]&#xD;
EVAL Function &lt;fun:symbols@122&gt;&#xD;
exp Value (K 1)&#xD;
 and exps [Value (K 41)]&#xD;
EVAL Value (K 1)&#xD;
&#xD;
NUnit Adapter 4.0.0.0: Test execution complete&#xD;
</StdOut>
    </Output>
  </ResultSummary>
</TestRun>